medbuddy-backup/build/app/outputs/mapping/release/mapping.txt
# compiler: R8
# compiler_version: 1.5.64
# min_api: 21
# pg_map_id: 3e3e4eb
...
com.google.android.gms.maps.zzaa -> com.google.android.gms.maps.j:
com.google.android.gms.maps.zzac -> com.google.android.gms.maps.k:
    com.google.android.gms.maps.OnMapReadyCallback zzbc -> a
    void zza(com.google.android.gms.maps.internal.IGoogleMapDelegate) -> a
com.google.android.gms.maps.zzb -> com.google.android.gms.maps.l:
    com.google.android.gms.maps.GoogleMap$OnMarkerClickListener zzj -> a
    boolean zza(com.google.android.gms.internal.maps.zzt) -> a
com.google.android.gms.maps.zzc -> com.google.android.gms.maps.m:
    com.google.android.gms.maps.GoogleMap$OnMarkerDragListener zzk -> a
    void zzb(com.google.android.gms.internal.maps.zzt) -> c
    void zzc(com.google.android.gms.internal.maps.zzt) -> d
    void zzd(com.google.android.gms.internal.maps.zzt) -> e
com.google.android.gms.maps.zzd -> com.google.android.gms.maps.n:
    com.google.android.gms.maps.GoogleMap$OnInfoWindowClickListener zzl -> a
    void zze(com.google.android.gms.internal.maps.zzt) -> f
com.google.android.gms.maps.zzo -> com.google.android.gms.maps.o:
    com.google.android.gms.maps.GoogleMap$OnCircleClickListener zzw -> a
    void zza(com.google.android.gms.internal.maps.zzh) -> a
com.google.android.gms.maps.zzp -> com.google.android.gms.maps.p:
    com.google.android.gms.maps.GoogleMap$OnPolygonClickListener zzx -> a
    void zza(com.google.android.gms.internal.maps.zzw) -> a
com.google.android.gms.maps.zzq -> com.google.android.gms.maps.q:
    com.google.android.gms.maps.GoogleMap$OnPolylineClickListener zzy -> a
    void zza(com.google.android.gms.internal.maps.zzz) -> a
com.google.android.gms.maps.zzr -> com.google.android.gms.maps.r:
    com.google.android.gms.maps.GoogleMap$SnapshotReadyCallback zzz -> a
    void onSnapshotReady(android.graphics.Bitmap) -> a
    void zzb(com.google.android.gms.dynamic.IObjectWrapper) -> a
com.google.android.gms.maps.zzu -> com.google.android.gms.maps.s:
    com.google.android.gms.maps.GoogleMap$OnCameraMoveStartedListener zzac -> a
    void onCameraMoveStarted(int) -> d
com.google.android.gms.maps.zzv -> com.google.android.gms.maps.t:
    com.google.android.gms.maps.GoogleMap$OnCameraMoveListener zzad -> a
    void onCameraMove() -> m
com.google.android.gms.maps.zzx -> com.google.android.gms.maps.u:
    com.google.android.gms.maps.GoogleMap$OnCameraIdleListener zzaf -> a
    void onCameraIdle() -> o
com.google.android.gms.maps.zzy -> com.google.android.gms.maps.v:
    com.google.android.gms.maps.GoogleMap$OnMapClickListener zzag -> a
    void onMapClick(com.google.android.gms.maps.model.LatLng) -> d
com.google.android.gms.maps.zzz -> com.google.android.gms.maps.w:
    com.google.android.gms.maps.GoogleMap$OnMapLongClickListener zzah -> a
    void onMapLongClick(com.google.android.gms.maps.model.LatLng) -> c
com.google.android.gms.measurement.AppMeasurement -> com.google.android.gms.measurement.AppMeasurement:
    com.google.android.gms.measurement.zzd zzb -> a
    com.google.android.gms.measurement.AppMeasurement zza -> b
com.google.android.gms.measurement.AppMeasurementJobService -> com.google.android.gms.measurement.AppMeasurementJobService:
    com.google.android.gms.measurement.internal.zzjr zza -> n
    void zza(android.content.Intent) -> a
    void zzb(android.app.job.JobParameters,boolean) -> a
    boolean zzc(int) -> a
    com.google.android.gms.measurement.internal.zzjr zzd() -> a
com.google.android.gms.measurement.AppMeasurementReceiver -> com.google.android.gms.measurement.AppMeasurementReceiver:
    com.google.android.gms.measurement.internal.zzfa zza -> p
    void doStartService(android.content.Context,android.content.Intent) -> a